<?xml version="1.0" encoding="UTF-8"?>
<!-- Generated by org.testng.reporters.JUnitXMLReporter -->
<testsuite hostname="Admin-PC" ignored="0" name="Default test" tests="5" failures="0" timestamp="2021-09-07T21:43:04 IST" time="0.361" errors="0">
  <testcase name="OpenBrowser" time="0.041" classname="com.testPackage.Login"/>
  <testcase name="HomePAge" time="0.01" classname="com.testPackage.Login"/>
  <testcase name="LoginCredential" time="0.005" classname="com.testPackage.Login"/>
  <testcase name="SearchProduct" time="0.005" classname="com.testPackage.Login"/>
  <testcase name="LoginPage" time="0.006" classname="com.testPackage.Login"/>
</testsuite> <!-- Default test -->
