<?xml version="1.0" encoding="UTF-8"?>
<!-- Generated by org.testng.reporters.JUnitXMLReporter -->
<testsuite hostname="Admin-PC" ignored="0" name="Test" tests="5" failures="1" timestamp="2021-09-07T22:02:05 IST" time="1.04" errors="0">
  <testcase name="HomePAge" time="0.162" classname="com.testPackage.Login"/>
  <testcase name="LoginCredential" time="0.008" classname="com.testPackage.Login"/>
  <testcase name="LoginPage" time="0.02" classname="com.testPackage.Login"/>
  <testcase name="OpenBrowser" time="0.067" classname="com.testPackage.Login">
    <failure type="java.lang.AssertionError" message="expected [A] but found [S]">
      <![CDATA[java.lang.AssertionError: expected [A] but found [S]
at com.testPackage.Login.OpenBrowser(Login.java:22)
at java.util.ArrayList.forEach(Unknown Source)
... Removed 33 stack frames]]>
    </failure>
  </testcase> <!-- OpenBrowser -->
  <testcase name="SearchProduct" time="0.009" classname="com.testPackage.Login"/>
</testsuite> <!-- Test -->
